<?xml version="1.0" encoding="UTF-8"?>
<!-- Generated by org.testng.reporters.JUnitReportReporter -->
<testsuite hostname="DELL" failures="0" tests="1" name="rESTassured.reg_post" time="3.295" errors="0" timestamp="14 Nov 2022 12:03:18 GMT">
  <testcase classname="rESTassured.reg_post" name="t2" time="3.295"/>
</testsuite> <!-- rESTassured.reg_post -->
