<?xml version="1.0" encoding="UTF-8"?>
<!-- Generated by org.testng.reporters.JUnitReportReporter -->
<testsuite hostname="DELL" failures="0" tests="1" name="rESTassured.login_post" time="3.136" errors="0" timestamp="14 Nov 2022 12:09:38 GMT">
  <testcase classname="rESTassured.login_post" name="t2" time="3.136"/>
</testsuite> <!-- rESTassured.login_post -->
