<?xml version="1.0" encoding="UTF-8"?>
<!-- Generated by org.testng.reporters.JUnitReportReporter -->
<testsuite hostname="DELL" failures="0" tests="1" name="rESTassured.delete" time="1.802" errors="0" timestamp="14 Nov 2022 09:08:40 GMT">
  <testcase classname="rESTassured.delete" name="t2" time="1.802"/>
</testsuite> <!-- rESTassured.delete -->
