<?xml version="1.0" encoding="UTF-8"?>
<!-- Generated by org.testng.reporters.JUnitReportReporter -->
<testsuite hostname="DELL" failures="0" tests="2" name="rESTassured.trello" time="4.154" errors="0" timestamp="15 Nov 2022 06:07:24 GMT">
  <testcase classname="rESTassured.trello" name="t2" time="0.943"/>
  <testcase classname="rESTassured.trello" name="t1" time="3.211"/>
</testsuite> <!-- rESTassured.trello -->
