<?xml version="1.0" encoding="UTF-8"?>
<!-- Generated by org.testng.reporters.JUnitReportReporter -->
<testsuite hostname="DELL" failures="0" tests="1" name="rESTassured.post" time="2.554" errors="0" timestamp="14 Nov 2022 08:09:56 GMT">
  <testcase classname="rESTassured.post" name="t2" time="2.554"/>
</testsuite> <!-- rESTassured.post -->
