<?xml version="1.0" encoding="UTF-8"?>
<!-- Generated by org.testng.reporters.JUnitReportReporter -->
<testsuite hostname="DELL" failures="0" tests="2" name="rESTassured.restAssured" time="6.119" errors="0" timestamp="14 Nov 2022 07:41:22 GMT">
  <testcase classname="rESTassured.restAssured" name="t1" time="4.596"/>
  <testcase classname="rESTassured.restAssured" name="t2" time="1.523"/>
</testsuite> <!-- rESTassured.restAssured -->
