<?xml version="1.0" encoding="UTF-8"?>
<!-- Generated by org.testng.reporters.JUnitReportReporter -->
<testsuite hostname="DELL" failures="0" tests="2" name="rESTassured.google_map" time="2.810" errors="0" timestamp="15 Nov 2022 06:03:13 GMT">
  <testcase classname="rESTassured.google_map" name="t1" time="2.565"/>
  <testcase classname="rESTassured.google_map" name="tc2_delete" time="0.245"/>
</testsuite> <!-- rESTassured.google_map -->
